#payfast sandbox for testing

Merchant ID:	10040787
Merchant Key:	pkq1qh06w4t25
Sandbox URL:	https://sandbox.payfast.co.za/eng/process
Salt Passphrase:










Merchant ID :10040787

Merchant key :pkq1qh06w4t25

Test your integration
The PayFast Sandbox is the place to test your payment integration - allowing you to complete transactions which won't be fulfilled - before taking your site live.

What type of integration are you testing
Select your payment type that you want to test and click filter and weâ€™ll generate the test form that you need to test your payment type.
What type of testing form do you need?

Full form

Basic form




Enter your variables to test
The order in which the information is submitted is very important as the signature is generated from the serialized string of the form as represented by the generated GET string.
Merchant details
* merchant_id
10040787
* merchant_key
pkq1qh06w4t25
return_url
cancel_url
notify_url
Buyer details
name_first
name_last
email_address
cell_number
Transaction details
m_payment_id
* amount (R)
* item_name
item_description
Custom integers
custom_int1
custom_int2
custom_int3
custom_int4
custom_int5
Custom strings
custom_str1
custom_str2
custom_str3
custom_str4
custom_str5
Additional options
Send email confirmation
Note: Sandbox will not send an email, this setting is for testing purposes only


Yes

No
confirmation_address
Set payment method
Note: Sandbox will not make use of the selected payment method, this setting is for testing purposes only

payment_method
Split payments
merchant_id
10023922
amount (cents)
percentage
min (cents)
max (cents)
Recurring billing
subscription_type
signature

C:\Users\27766\Desktop\mzansi-footwear\shop>npx tsc --noEmit
src/app/page.tsx:71:17 - error TS2322: Type '{ searchParams: {}; showSort: false; showPagination: false; limit: number; featured: boolean; }' is not assignable to type 'IntrinsicAttributes & ProductCatalogProps'.
  Property 'featured' does not exist on type 'IntrinsicAttributes & ProductCatalogProps'.

71                 featured={true}
                   ~~~~~~~~

src/components/layout/navbar.tsx:41:25 - error TS2307: Cannot find module '@/hooks/use-cart' or its corresponding type declarations.

41 import { useCart } from '@/hooks/use-cart';
                           ~~~~~~~~~~~~~~~~~~

src/components/layout/navbar.tsx:61:40 - error TS7006: Parameter 'total' implicitly has an 'any' type.

61   const cartItemsCount = items.reduce((total, item) => total + item.quantity, 0);
                                          ~~~~~

src/components/layout/navbar.tsx:61:47 - error TS7006: Parameter 'item' implicitly has an 'any' type.

61   const cartItemsCount = items.reduce((total, item) => total + item.quantity, 0);
                                                 ~~~~

src/components/products/modern-product-grid.tsx:18:25 - error TS2307: Cannot find module '@/hooks/use-cart' or its corresponding type declarations.

18 import { useCart } from '@/hooks/use-cart';
                           ~~~~~~~~~~~~~~~~~~

src/components/ui/carousel-billboard.tsx:193:29 - error TS2304: Cannot find name 'BillboardSlide'.

193 export const defaultSlides: BillboardSlide[] = [
                                ~~~~~~~~~~~~~~

src/lib/payments/payment-manager.ts:287:40 - error TS2802: Type 'MapIterator<[PaymentProvider, PaymentProviderInterface]>' can only be iterated through when using the '--downlevelIteration' flag or with a '--target' of 'es2015' or higher.

287     for (const [provider, instance] of this.providers.entries()) {
                                           ~~~~~~~~~~~~~~~~~~~~~~~~

src/lib/payments/providers/capitec-pay.ts:84:9 - error TS2322: Type 'string | undefined' is not assignable to type 'string'.
  Type 'undefined' is not assignable to type 'string'.

84         merchantId: this._config.credentials.merchantId,
           ~~~~~~~~~~

  src/lib/payments/providers/capitec-pay.ts:20:3
    20   merchantId: string;
         ~~~~~~~~~~
    The expected type comes from property 'merchantId' which is declared here on type 'Omit<CapitecPaymentRequest, "signature">'

src/lib/payments/providers/mobicred.ts:111:9 - error TS2322: Type 'string | undefined' is not assignable to type 'string'.
  Type 'undefined' is not assignable to type 'string'.

111         merchantId: this._config.credentials.merchantId,
            ~~~~~~~~~~

  src/lib/payments/providers/mobicred.ts:20:3
    20   merchantId: string;
         ~~~~~~~~~~
    The expected type comes from property 'merchantId' which is declared here on type 'Omit<MobicredPaymentRequest, "signature">'

src/lib/payments/providers/mobicred.ts:140:9 - error TS2322: Type '{ 'Content-Type': string; 'X-API-Key': string | undefined; }' is not assignable to type 'HeadersInit | undefined'.
  Type '{ 'Content-Type': string; 'X-API-Key': string | undefined; }' is not assignable to type 'undefined'.

140         headers: {
            ~~~~~~~

src/lib/payments/providers/mobicred.ts:193:9 - error TS2322: Type '{ 'X-API-Key': string | undefined; }' is not assignable to type 'HeadersInit | undefined'.
  Type '{ 'X-API-Key': string | undefined; }' is not assignable to type 'undefined'.

193         headers: {
            ~~~~~~~

src/lib/payments/providers/ozow.ts:109:9 - error TS2322: Type '{ ApiKey: string | undefined; 'Content-Type': string; }' is not assignable to type 'HeadersInit | undefined'.
  Type '{ ApiKey: string | undefined; 'Content-Type': string; }' is not assignable to type 'undefined'.

109         headers: {
            ~~~~~~~

src/lib/payments/providers/ozow.ts:160:11 - error TS2322: Type '{ ApiKey: string | undefined; }' is not assignable to type 'HeadersInit | undefined'.
  Type '{ ApiKey: string | undefined; }' is not assignable to type 'undefined'.

160           headers: {
              ~~~~~~~

src/lib/payments/providers/payfast.ts:168:34 - error TS2802: Type 'URLSearchParamsIterator<[string, string]>' can only be iterated through when using the '--downlevelIteration' flag or with a '--target' of 'es2015' or higher.

168       for (const [key, value] of params.entries()) {
                                     ~~~~~~~~~~~~~~~~

src/lib/payments/providers/payfast.ts:216:7 - error TS2322: Type 'string | undefined' is not assignable to type 'string'.
  Type 'undefined' is not assignable to type 'string'.

216       merchant_id: merchantId,
          ~~~~~~~~~~~

  src/lib/payments/providers/payfast.ts:21:3
    21   merchant_id: string;
         ~~~~~~~~~~~
    The expected type comes from property 'merchant_id' which is declared here on type 'PayFastPaymentData'

src/lib/payments/providers/payfast.ts:217:7 - error TS2322: Type 'string | undefined' is not assignable to type 'string'.
  Type 'undefined' is not assignable to type 'string'.

217       merchant_key: merchantKey,
          ~~~~~~~~~~~~

  src/lib/payments/providers/payfast.ts:22:3
    22   merchant_key: string;
         ~~~~~~~~~~~~
    The expected type comes from property 'merchant_key' which is declared here on type 'PayFastPaymentData'

src/lib/payments/providers/payflex.ts:103:9 - error TS2322: Type 'string | undefined' is not assignable to type 'string'.
  Type 'undefined' is not assignable to type 'string'.

103         merchantId: this._config.credentials.merchantId,
            ~~~~~~~~~~

  src/lib/payments/providers/payflex.ts:20:3
    20   merchantId: string;
         ~~~~~~~~~~
    The expected type comes from property 'merchantId' which is declared here on type 'Omit<PayFlexPaymentRequest, "signature">'

src/lib/payments/providers/snapscan.ts:234:9 - error TS2345: Argument of type 'string | undefined' is not assignable to parameter of type 'string'.
  Type 'undefined' is not assignable to type 'string'.

234         this._config.credentials.apiKey,
            ~~~~~~~~~~~~~~~~~~~~~~~~~~~~~~~

src/lib/payments/providers/yoco.ts:234:9 - error TS2345: Argument of type 'string | undefined' is not assignable to parameter of type 'string'.
  Type 'undefined' is not assignable to type 'string'.

234         this._config.credentials.secretKey,
            ~~~~~~~~~~~~~~~~~~~~~~~~~~~~~~~~~~

src/lib/payments/providers/zapper.ts:83:9 - error TS2322: Type 'string | undefined' is not assignable to type 'string'.
  Type 'undefined' is not assignable to type 'string'.

83         merchantId: this._config.credentials.merchantId,
           ~~~~~~~~~~

  src/lib/payments/providers/zapper.ts:19:3
    19   merchantId: string;
         ~~~~~~~~~~
    The expected type comes from property 'merchantId' which is declared here on type 'ZapperPaymentRequest'


Found 20 errors in 13 files.

Errors  Files
     1  src/app/page.tsx:71
     3  src/components/layout/navbar.tsx:41
     1  src/components/products/modern-product-grid.tsx:18
     1  src/components/ui/carousel-billboard.tsx:193
     1  src/lib/payments/payment-manager.ts:287
     1  src/lib/payments/providers/capitec-pay.ts:84
     3  src/lib/payments/providers/mobicred.ts:111
     2  src/lib/payments/providers/ozow.ts:109
     3  src/lib/payments/providers/payfast.ts:168
     1  src/lib/payments/providers/payflex.ts:103
     1  src/lib/payments/providers/snapscan.ts:234
     1  src/lib/payments/providers/yoco.ts:234
     1  src/lib/payments/providers/zapper.ts:83

C:\Users\27766\Desktop\mzansi-footwear\shop>




























































